Name                        Stmts   Miss Branch BrPart   Cover   Missing
------------------------------------------------------------------------
utils/__init__.py               9      0      0      0 100.00%
ui/colors.py                   42      0      4      0 100.00%
ui/__init__.py                 11      0      0      0 100.00%
core/__init__.py               10      0      0      0 100.00%
utils/config.py               239      5      2      0  97.93%   432, 445, 458-459, 492
utils/pixmap_cache.py         118     13     22      2  89.29%   122, 169->172, 257-267, 397-398
ui/image_adjustments.py       219     25     74     22  83.96%   43, 63, 90, 115, 135-139, 164, 202, 236, 263, 281, 302, 306, 333, 340, 346-347, 387, 426, 465, 502, 581, 588->592, 606->608
core/icon_builder_core.py     483     75    172     47  80.76%   80, 171, 212, 259, 330-332, 359->374, 415, 447->453, 453->460, 456-458, 502, 509-513, 523, 539-540, 568-570, 633, 642-645, 651-656, 725-729, 746, 750, 805, 820, 826, 835, 839, 850, 884-886, 925, 936, 947, 949, 957->955, 960->971, 967->971, 978->976, 987->995, 989, 1004, 1065-1067, 1111, 1124, 1139, 1142, 1146, 1154, 1164-1166, 1235, 1248, 1259, 1263, 1266, 1270, 1287, 1311-1313
utils/logger.py               191     50     44     13  68.94%   59-69, 91, 98, 133-150, 179-180, 191, 218, 279, 338, 437, 476, 490, 522, 553-554, 574-583, 593, 604-614, 618, 628-629, 650->652
core/export_history.py        129     37     16      1  68.28%   81-84, 92-93, 106, 135, 139-162, 166-181
core/image_processor.py       285     82     68     18  67.71%   97-98, 138-139, 155, 160, 181-240, 252-280, 343, 351, 370-371, 374->379, 395-408, 482, 533-534, 548, 614, 620, 657-658, 660->663, 671-672, 742, 855
core/recent_files.py          116     38     14      2  66.15%   54-70, 74-90, 177-179, 202-204, 284-292
core/preset_manager.py        191     61     46     11  65.40%   181->178, 187-190, 223-225, 253-254, 259-260, 267-273, 317-318, 336-337, 340-341, 344-345, 392, 400, 427-429, 442-475, 488, 496-497, 523->525
core/project_manager.py       225     71     46      7  65.31%   125-127, 129-136, 160->165, 229-230, 301->304, 327, 350->354, 358->371, 361-368, 382-384, 413-415, 427, 436-438, 442-447, 459, 468-470, 474, 478-483, 495-509, 528-546, 561-563
cli.py                        326    104    116     25  64.93%   263-264, 267-268, 273-275, 278, 288, 289->291, 322, 333, 366-384, 417, 422, 426-427, 447-448, 478-479, 488->495, 490->489, 492->488, 496-497, 517-518, 548, 552-553, 561-562, 571, 592, 656-691, 717-812
ui/theme_manager.py           124     45     32      5  62.82%   207-270, 290-291, 293, 320-321, 363, 380, 412, 432
utils/file_utils.py           179     64     48     16  60.35%   71, 99, 111, 115, 119-121, 145, 165, 188-190, 209-211, 254, 257-264, 293, 297-299, 305->303, 310-328, 358, 366-370, 418-420, 434-439, 454->456, 457-459, 482, 486-488, 495, 500, 505, 510
core/session_manager.py       169     79     28      2  47.72%   103-109, 152, 161, 170-177, 181-187, 191-197, 218-224, 233-235, 250-263, 267-271, 275-279, 293-309, 318-321, 325-332, 336-338, 343, 348-350
core/batch_processor.py       244    134     52      2  40.54%   154->161, 193-214, 233, 245-248, 283-298, 302-304, 308-372, 384-463
utils/dialog_helper.py        146     91     28      2  32.76%   93, 203-222, 244-256, 277-289, 310-322, 343-344, 369-386, 413-434, 470-483, 491, 496, 501, 506, 511
ui/base_dialog.py              58     36     14      0  30.56%   115-140, 144-146, 155-164, 173, 182, 190, 198, 233, 245-246, 250-256
ui/preview_utils.py           494    355     82      9  28.47%   131, 166, 203, 228, 234->237, 238, 258->256, 265-282, 363-396, 410-412, 456-473, 491-508, 512-514, 518-520, 524-559, 563-565, 569-579, 622-644, 648-650, 654-684, 697-724, 728-729, 752, 784-797, 801-803, 807-844, 853-876, 880-881, 907, 926-929, 933-958, 962-963, 989-1016, 1020-1048, 1052-1060, 1077-1080, 1084-1135, 1139-1166, 1188-1197, 1201-1202, 1206-1207, 1211, 1215, 1224-1225, 1229, 1246-1251, 1255-1288, 1292-1298, 1344-1345, 1358-1367, 1371-1377, 1386-1388
utils/error_handler.py        174    113     52      3  28.32%   217, 221, 255-282, 296-335, 367-393, 481-487, 516-529, 548-576, 613-627, 655-665, 728-739, 752, 756, 774, 807-818, 853-865
core/folder_watcher.py        218    145     80      3  26.17%   156-157, 164-205, 212-230, 246-262, 266-278, 282-289, 293-298, 302-303, 307-325, 337-422, 434-438
utils/signal_manager.py       183    136     48      0  20.35%   89-93, 117-138, 157-173, 190-207, 220-234, 246-259, 263-266, 270-272, 285-291, 300-308, 320-335, 339-341, 373, 394-396, 405-407, 411-413, 417-419, 423-425, 469-473, 488-490, 494-495, 503-505, 520-522, 543, 552
utils/async_file_ops.py       216    163     70      0  18.53%   91-95, 99-127, 131-141, 145-146, 150-151, 155-161, 196-199, 203-229, 233-243, 247-248, 252-253, 257-258, 293-296, 331-360, 392-420, 424-425, 429, 441-444, 456-461, 494-497, 501-541, 553-555, 572, 589
ui/debug_button.py            127    100     46      0  15.61%   67-96, 105-107, 130-141, 153, 162, 171-190, 199-203, 212-216, 220-223, 227-241, 250-264, 273-282, 293-297, 308-314, 323-328
utils/font_loader.py           67     54     18      0  15.29%   60-107, 124-128, 145-148, 165-184
ui/about_dialog.py            175    149     10      0  14.05%   41-42, 69-88, 97-132, 141-189, 198-257, 266-337, 346-408, 417-481, 490-493, 508-509, 513-515, 609-618, 627-629
ui/metadata_panel.py          196    166     40      0  12.71%   56-64, 68-119, 123-128, 138-150, 154-157, 161-168, 184-192, 202-297, 301-307, 311-313, 317-333, 337-350, 354-381, 385-387, 441, 445-447
ui/ico_analyzer.py            195    168     26      0  12.22%   54-69, 74-77, 81-172, 176-184, 196-218, 223-249, 253-290, 294-299, 303-308, 312-367, 375-378, 547-551
ui/settings_dialog.py        1387   1230    142      0  10.27%   156-191, 195-225, 230-302, 306-491, 495-819, 823-826, 839-844, 848-853, 857-858, 862-863, 867-868, 872-873, 877-878, 882-883, 887-889, 893-894, 898-900, 904-907, 913, 917, 921, 925-937, 941-944, 948-949, 953-1027, 1031-1053, 1057-1060, 1064-1067, 1071-1074, 1078-1081, 1085-1088, 1092, 1102-1117, 1121-1124, 1128-1219, 1223-1224, 1228-1229, 1233, 1238-1239, 1248-1249, 1258-1260, 1269-1271, 1277-1391, 1395-1431, 1435-1437, 1441-1442, 1452-1496, 1500-1506, 1510-1768, 1772, 1781-1782, 1786-1787, 1791-1792, 1796-1797, 1801-1802, 1806-1809, 1813-1816, 1820-1832, 1836-1837, 1841-1859, 1863-1865, 1869-1879, 1883-1886, 1890-1896, 1900, 1904-1905, 1909-1910, 1914-1915, 1924-1936, 1942-1946, 1950, 1957-1958, 1970, 2411-2420, 2429-2441, 2447, 2456-2457, 2466-2467, 2471-2473, 2477-2479, 2483-2486, 2490-2493, 2497-2500, 2506-2507, 2511-2512, 2516-2517, 2523-2524, 2528-2529, 2533-2534, 2539-2543, 2556-2573, 2582-2584, 2593-2625, 2639-2672, 2676-2692, 2696-2699, 2703-2707, 2711-2714, 2718-2723, 2728
ui/context_preview.py         388    355     40      0   7.71%   70-85, 90-93, 97-121, 125-140, 144-176, 187-237, 246-287, 291-316, 325-370, 379-418, 422-447, 456-531, 540-581, 585-610, 620-673, 677-711, 719-722, 790-791
up.py                         210    210    102      0   0.00%   63-685
__init__.py                    24     24      8      0   0.00%   14-63
RNV_Icon_Builder.py          1615   1615    460      0   0.00%   94-3685
------------------------------------------------------------------------
TOTAL                        9183   5993   2050    190  32.62%
